2019-08-27 UTC 13:32:59.275 [] [info] Starting server at http://localhost:4000/
2019-08-27 UTC 13:33:28.306 [] [info] POST /api/v1/add_subscription
2019-08-27 UTC 13:33:28.332 [request_id=Fb7K5bUl61Ar-0cAADtj ] [info] [33mvalue empty from read_body[0m
2019-08-27 UTC 13:33:28.332 [request_id=Fb7K5bUl61Ar-0cAADtj ] [info] [94madd_subscription/2[0m
2019-08-27 UTC 13:33:28.397 [request_id=Fb7K5bUl61Ar-0cAADtj ] [info] Sent 200 in 90ms
2019-08-27 UTC 13:33:58.016 [] [info] POST /api/v1/add_subscription
2019-08-27 UTC 13:33:58.017 [request_id=Fb7K7J_-AmCgNKwAAANE ] [info] [33mvalue empty from read_body[0m
2019-08-27 UTC 13:33:58.017 [request_id=Fb7K7J_-AmCgNKwAAANE ] [info] [94madd_subscription/2[0m
2019-08-27 UTC 13:33:58.019 [request_id=Fb7K7J_-AmCgNKwAAANE ] [info] [33mcreate_subscription/1 :: "27124244422"[0m
2019-08-27 UTC 13:33:58.140 [request_id=Fb7K7J_-AmCgNKwAAANE ] [info] [32mSubscription created successfully: %TenbewGw.Model.Subscription{__meta__: #Ecto.Schema.Metadata<:loaded, "subscriptions">, id: "8cc97b86-6529-43a2-9657-dcbf95a9f464", inserted_at: ~N[2019-08-27 13:33:58], msisdn: "27124244422", payments: #Ecto.Association.NotLoaded<association :payments is not loaded>, services: nil, status: "active", updated_at: ~N[2019-08-27 13:33:58], validated: nil}[0m
2019-08-27 UTC 13:33:58.140 [request_id=Fb7K7J_-AmCgNKwAAANE ] [info] Sent 200 in 123ms
2019-08-27 UTC 13:35:28.353 [] [info] Starting server at http://localhost:4000/
2019-08-27 UTC 13:35:31.551 [] [info] POST /api/v1/add_subscription
2019-08-27 UTC 13:35:31.574 [request_id=Fb7LAmcd-TAr-0cAACgj ] [info] [33mvalue empty from read_body[0m
2019-08-27 UTC 13:35:31.574 [request_id=Fb7LAmcd-TAr-0cAACgj ] [info] [94madd_subscription/2[0m
2019-08-27 UTC 13:35:31.644 [request_id=Fb7LAmcd-TAr-0cAACgj ] [info] Sent 200 in 92ms
2019-08-27 UTC 13:35:40.712 [] [info] POST /api/v1/add_subscription
2019-08-27 UTC 13:35:40.712 [request_id=Fb7LBIkipMCgNKwAABSk ] [info] [33mvalue empty from read_body[0m
2019-08-27 UTC 13:35:40.712 [request_id=Fb7LBIkipMCgNKwAABSk ] [info] [94madd_subscription/2[0m
2019-08-27 UTC 13:35:40.715 [request_id=Fb7LBIkipMCgNKwAABSk ] [info] [33mcreate_subscription/1 :: "27124240122"[0m
2019-08-27 UTC 13:35:40.887 [request_id=Fb7LBIkipMCgNKwAABSk ] [info] [32mSubscription created successfully: %TenbewGw.Model.Subscription{__meta__: #Ecto.Schema.Metadata<:loaded, "subscriptions">, id: "843ea094-c804-4ec2-89ee-b3fb614d8e39", inserted_at: ~N[2019-08-27 13:35:40], msisdn: "27124240122", payments: #Ecto.Association.NotLoaded<association :payments is not loaded>, services: nil, status: "active", updated_at: ~N[2019-08-27 13:35:40], validated: nil}[0m
2019-08-27 UTC 13:35:40.887 [request_id=Fb7LBIkipMCgNKwAABSk ] [info] Sent 200 in 174ms
2019-08-27 UTC 13:40:34.019 [] [info] Starting server at http://localhost:4000/
2019-08-27 UTC 13:40:36.166 [] [info] POST /api/v1/add_subscription
2019-08-27 UTC 13:40:36.192 [request_id=Fb7LSVOSVpEr-0cAAAsi ] [info] [33mvalue empty from read_body[0m
2019-08-27 UTC 13:40:36.192 [request_id=Fb7LSVOSVpEr-0cAAAsi ] [info] [94madd_subscription/2[0m
2019-08-27 UTC 13:40:36.252 [request_id=Fb7LSVOSVpEr-0cAAAsi ] [info] Sent 200 in 85ms
2019-08-27 UTC 13:40:43.425 [] [info] POST /api/v1/add_subscription
2019-08-27 UTC 13:40:43.426 [request_id=Fb7LSwRB0kigNKwAACEj ] [info] [33mvalue empty from read_body[0m
2019-08-27 UTC 13:40:43.426 [request_id=Fb7LSwRB0kigNKwAACEj ] [info] [94madd_subscription/2[0m
2019-08-27 UTC 13:40:43.654 [request_id=Fb7LSwRB0kigNKwAACEj ] [info] [32mSubscription created successfully: %TenbewGw.Model.Subscription{__meta__: #Ecto.Schema.Metadata<:loaded, "subscriptions">, id: "9ab16c4f-bff4-45f9-9ef8-ebdbc91ab2a7", inserted_at: ~N[2019-08-27 13:40:43], msisdn: "27100240122", payments: #Ecto.Association.NotLoaded<association :payments is not loaded>, services: "testing", status: "active", updated_at: ~N[2019-08-27 13:40:43], validated: nil}[0m
2019-08-27 UTC 13:40:43.657 [request_id=Fb7LSwRB0kigNKwAACEj ] [info] Sent 200 in 231ms
2019-08-27 UTC 13:41:37.583 [] [info] POST /api/v1/add_subscription
2019-08-27 UTC 13:41:37.584 [request_id=Fb7LV6BUVks_2QUAABcE ] [info] [33mvalue empty from read_body[0m
2019-08-27 UTC 13:41:37.584 [request_id=Fb7LV6BUVks_2QUAABcE ] [info] [94madd_subscription/2[0m
2019-08-27 UTC 13:41:37.586 [request_id=Fb7LV6BUVks_2QUAABcE ] [info] Sent 200 in 2ms
2019-08-27 UTC 13:42:51.110 [] [info] GET /CancelSub
2019-08-27 UTC 13:42:51.110 [request_id=Fb7LaL7eNhS9MFUAACFD ] [info] [94mGET /CancelSub :: msisdn: 27100240122[0m
2019-08-27 UTC 13:42:51.110 [request_id=Fb7LaL7eNhS9MFUAACFD ] [info] [33mvalid_parameters/1[0m
2019-08-27 UTC 13:42:51.110 [request_id=Fb7LaL7eNhS9MFUAACFD ] [info] [33mvalid_msisdn_format/1[0m
2019-08-27 UTC 13:42:51.119 [request_id=Fb7LaL7eNhS9MFUAACFD ] [info] [33mvalid_msisdn_existance/1[0m
2019-08-27 UTC 13:42:51.123 [request_id=Fb7LaL7eNhS9MFUAACFD ] [info] [31mValidation Error: invalid msisdn, already subscribed[0m
2019-08-27 UTC 13:42:51.128 [request_id=Fb7LaL7eNhS9MFUAACFD ] [info] Sent 200 in 17ms
2019-08-28 UTC 17:09:36.576 [] [info] Starting server at http://localhost:4000/
2019-08-28 UTC 17:09:58.502 [] [info] GET /addsub.php
2019-08-28 UTC 17:09:58.525 [request_id=Fb8lSsqLlZjFBQAAAA-B ] [info] [94mGET /addsub :: msisdn: 27124242247[0m
2019-08-28 UTC 17:09:58.525 [request_id=Fb8lSsqLlZjFBQAAAA-B ] [info] [33mvalid_parameters/1[0m
2019-08-28 UTC 17:09:58.525 [request_id=Fb8lSsqLlZjFBQAAAA-B ] [info] [33mvalid_msisdn_format/1[0m
2019-08-28 UTC 17:09:58.531 [request_id=Fb8lSsqLlZjFBQAAAA-B ] [info] [33mvalid_msisdn_existance/1[0m
2019-08-28 UTC 17:09:58.589 [request_id=Fb8lSsqLlZjFBQAAAA-B ] [info] [34mURL "http://localhost:3000/api/v1/subscriptions" BODY %{"subscription" => %{"message" => "gateway subscription", "msisdn" => "27124242247", "reference" => "testing api", "service" => "gateway", "state" => "active"}}[0m
2019-08-28 UTC 17:09:58.674 [request_id=Fb8lSsqLlZjFBQAAAA-B ] [info] [31mhackney rescue %MatchError{term: {:error, :econnrefused}}[0m
2019-08-28 UTC 17:09:58.674 [request_id=Fb8lSsqLlZjFBQAAAA-B ] [info] [32mRESPONSE : "general error"[0m
2019-08-28 UTC 17:09:58.678 [] [info] [31m%{arity: 5, error: "%MatchError{term: {:error, :econnrefused}}", file: "lib/util/request.ex", function: "request", line: 40, module: "Elixir.Util.WebRequest"}[0m
2019-08-28 UTC 17:09:58.680 [request_id=Fb8lSsqLlZjFBQAAAA-B ] [info] Sent 200 in 178ms
2019-08-28 UTC 17:10:15.046 [] [info] GET /AddSub
2019-08-28 UTC 17:10:15.047 [request_id=Fb8lTqSPqKhhr0YAAA_B ] [info] [94mGET /addsub :: msisdn: 27124242247[0m
2019-08-28 UTC 17:10:15.047 [request_id=Fb8lTqSPqKhhr0YAAA_B ] [info] [33mvalid_parameters/1[0m
2019-08-28 UTC 17:10:15.047 [request_id=Fb8lTqSPqKhhr0YAAA_B ] [info] [33mvalid_msisdn_format/1[0m
2019-08-28 UTC 17:10:15.047 [request_id=Fb8lTqSPqKhhr0YAAA_B ] [info] [33mvalid_msisdn_existance/1[0m
2019-08-28 UTC 17:10:15.053 [request_id=Fb8lTqSPqKhhr0YAAA_B ] [info] [34mURL "http://localhost:3000/api/v1/subscriptions" BODY %{"subscription" => %{"message" => "gateway subscription", "msisdn" => "27124242247", "reference" => "testing api", "service" => "gateway", "state" => "active"}}[0m
2019-08-28 UTC 17:10:15.056 [request_id=Fb8lTqSPqKhhr0YAAA_B ] [info] [31mhackney rescue %MatchError{term: {:error, :econnrefused}}[0m
2019-08-28 UTC 17:10:15.056 [request_id=Fb8lTqSPqKhhr0YAAA_B ] [info] [32mRESPONSE : "general error"[0m
2019-08-28 UTC 17:10:15.056 [request_id=Fb8lTqSPqKhhr0YAAA_B ] [info] Sent 200 in 9ms
2019-08-28 UTC 17:10:15.056 [] [info] [31m%{arity: 5, error: "%MatchError{term: {:error, :econnrefused}}", file: "lib/util/request.ex", function: "request", line: 40, module: "Elixir.Util.WebRequest"}[0m
2019-08-28 UTC 17:10:19.284 [] [info] GET /AsddSub
2019-08-28 UTC 17:10:19.284 [request_id=Fb8lT6EoeBDlpLgAAA_h ] [info] [31mNOT FOUND[0m
2019-08-28 UTC 17:10:19.284 [request_id=Fb8lT6EoeBDlpLgAAA_h ] [info] Sent 404 in 154µs
2019-08-28 UTC 17:10:21.972 [] [info] GET /AddSub
2019-08-28 UTC 17:10:21.972 [request_id=Fb8lUEFYazj83eYAABAB ] [info] [94mGET /addsub :: msisdn: 27124242247[0m
2019-08-28 UTC 17:10:21.972 [request_id=Fb8lUEFYazj83eYAABAB ] [info] [33mvalid_parameters/1[0m
2019-08-28 UTC 17:10:21.972 [request_id=Fb8lUEFYazj83eYAABAB ] [info] [33mvalid_msisdn_format/1[0m
2019-08-28 UTC 17:10:21.972 [request_id=Fb8lUEFYazj83eYAABAB ] [info] [33mvalid_msisdn_existance/1[0m
2019-08-28 UTC 17:10:21.974 [request_id=Fb8lUEFYazj83eYAABAB ] [info] [34mURL "http://localhost:3000/api/v1/subscriptions" BODY %{"subscription" => %{"message" => "gateway subscription", "msisdn" => "27124242247", "reference" => "testing api", "service" => "gateway", "state" => "active"}}[0m
2019-08-28 UTC 17:10:21.975 [request_id=Fb8lUEFYazj83eYAABAB ] [info] [31mhackney rescue %MatchError{term: {:error, :econnrefused}}[0m
2019-08-28 UTC 17:10:21.976 [request_id=Fb8lUEFYazj83eYAABAB ] [info] [32mRESPONSE : "general error"[0m
2019-08-28 UTC 17:10:21.976 [request_id=Fb8lUEFYazj83eYAABAB ] [info] Sent 200 in 3ms
2019-08-28 UTC 17:10:21.976 [] [info] [31m%{arity: 5, error: "%MatchError{term: {:error, :econnrefused}}", file: "lib/util/request.ex", function: "request", line: 40, module: "Elixir.Util.WebRequest"}[0m
2019-08-28 UTC 17:10:27.157 [] [info] GET /ChargeSub
2019-08-28 UTC 17:10:27.157 [request_id=Fb8lUXZpAlDVsKMAABAh ] [info] [94mGET /ChargeSub :: msisdn: 27124242247[0m
2019-08-28 UTC 17:10:27.157 [request_id=Fb8lUXZpAlDVsKMAABAh ] [info] [33mvalid_parameters/1[0m
2019-08-28 UTC 17:10:27.158 [request_id=Fb8lUXZpAlDVsKMAABAh ] [info] [33mvalid_msisdn_format/1[0m
2019-08-28 UTC 17:10:27.158 [request_id=Fb8lUXZpAlDVsKMAABAh ] [info] [33mvalid_msisdn_existance/1[0m
2019-08-28 UTC 17:10:27.163 [request_id=Fb8lUXZpAlDVsKMAABAh ] [info] [34mURL "http://localhost:3000/api/v1/subscriptions" BODY %{"subscription" => %{"message" => "gateway subscription", "msisdn" => "27124242247", "reference" => "testing api", "service" => "gateway", "state" => "active"}}[0m
2019-08-28 UTC 17:10:27.166 [request_id=Fb8lUXZpAlDVsKMAABAh ] [info] [31mhackney rescue %MatchError{term: {:error, :econnrefused}}[0m
2019-08-28 UTC 17:10:27.166 [request_id=Fb8lUXZpAlDVsKMAABAh ] [info] [32mRESPONSE : "general error"[0m
2019-08-28 UTC 17:10:27.166 [request_id=Fb8lUXZpAlDVsKMAABAh ] [info] Sent 200 in 9ms
2019-08-28 UTC 17:10:27.166 [] [info] [31m%{arity: 5, error: "%MatchError{term: {:error, :econnrefused}}", file: "lib/util/request.ex", function: "request", line: 40, module: "Elixir.Util.WebRequest"}[0m
2019-08-28 UTC 17:10:30.820 [] [info] GET /CancelSub
2019-08-28 UTC 17:10:30.820 [request_id=Fb8lUlDFGDCYj7oAAAqC ] [info] [94mGET /CancelSub :: msisdn: 27100240122[0m
2019-08-28 UTC 17:10:30.820 [request_id=Fb8lUlDFGDCYj7oAAAqC ] [info] [33mvalid_parameters/1[0m
2019-08-28 UTC 17:10:30.820 [request_id=Fb8lUlDFGDCYj7oAAAqC ] [info] [33mvalid_msisdn_format/1[0m
2019-08-28 UTC 17:10:30.820 [request_id=Fb8lUlDFGDCYj7oAAAqC ] [info] [33mvalid_msisdn_existance/1[0m
2019-08-28 UTC 17:10:30.825 [request_id=Fb8lUlDFGDCYj7oAAAqC ] [info] [31mValidation Error: invalid msisdn, already subscribed[0m
2019-08-28 UTC 17:10:30.825 [request_id=Fb8lUlDFGDCYj7oAAAqC ] [info] Sent 200 in 4ms
2019-08-28 UTC 17:10:41.826 [] [info] GET /CancelSub
2019-08-28 UTC 17:10:41.826 [request_id=Fb8lVOC7iCjAhjcAABBB ] [info] [94mGET /CancelSub :: msisdn: 27124242247[0m
2019-08-28 UTC 17:10:41.826 [request_id=Fb8lVOC7iCjAhjcAABBB ] [info] [33mvalid_parameters/1[0m
2019-08-28 UTC 17:10:41.826 [request_id=Fb8lVOC7iCjAhjcAABBB ] [info] [33mvalid_msisdn_format/1[0m
2019-08-28 UTC 17:10:41.826 [request_id=Fb8lVOC7iCjAhjcAABBB ] [info] [33mvalid_msisdn_existance/1[0m
2019-08-28 UTC 17:10:41.828 [request_id=Fb8lVOC7iCjAhjcAABBB ] [info] [34mURL "http://localhost:3000/api/v1/subscriptions" BODY %{"subscription" => %{"message" => "gateway subscription", "msisdn" => "27124242247", "reference" => "testing api", "service" => "gateway", "state" => "active"}}[0m
2019-08-28 UTC 17:10:41.830 [request_id=Fb8lVOC7iCjAhjcAABBB ] [info] [31mhackney rescue %MatchError{term: {:error, :econnrefused}}[0m
2019-08-28 UTC 17:10:41.830 [request_id=Fb8lVOC7iCjAhjcAABBB ] [info] [32mRESPONSE : "general error"[0m
2019-08-28 UTC 17:10:41.830 [request_id=Fb8lVOC7iCjAhjcAABBB ] [info] Sent 200 in 4ms
2019-08-28 UTC 17:10:41.830 [] [info] [31m%{arity: 5, error: "%MatchError{term: {:error, :econnrefused}}", file: "lib/util/request.ex", function: "request", line: 40, module: "Elixir.Util.WebRequest"}[0m
2019-08-28 UTC 19:06:27.307 [] [info] Starting server at http://localhost:4000/
2019-08-28 UTC 19:06:49.235 [] [info] POST /cellc/add
2019-08-28 UTC 19:06:49.270 [request_id=Fb8rqxrRyODFBQAAAAAE ] [info] [33mvalue empty from read_body[0m
2019-08-28 UTC 19:06:49.303 [request_id=Fb8rqxrRyODFBQAAAAAE ] [info] [33mcellc_add/2 :: params: %{"msisdn" => "27100240122"}[0m
2019-08-28 UTC 19:06:49.314 [request_id=Fb8rqxrRyODFBQAAAAAE ] [info] [34mURL "http://localhost:3000/api/v1/add_sub" BODY "{\"msisdn\":\"27100240122\"}"[0m
2019-08-28 UTC 19:06:50.030 [request_id=Fb8rqxrRyODFBQAAAAAE ] [info] [33mref: #Reference<0.3932589576.2020343810.6703>[0m
2019-08-28 UTC 19:06:50.034 [request_id=Fb8rqxrRyODFBQAAAAAE ] [info] [33mheaders at loop: [{"Content-Type", "text/html; charset=UTF-8"}, {"X-Request-Id", "afb0b99d-fdbe-4e65-9ef6-f0eae3a52d48"}, {"X-Runtime", "0.470325"}, {"Content-Length", "23096"}][0m
2019-08-28 UTC 19:06:50.034 [request_id=Fb8rqxrRyODFBQAAAAAE ] [info] [33mref: #Reference<0.3932589576.2020343810.6703>[0m
2019-08-28 UTC 19:06:50.034 [request_id=Fb8rqxrRyODFBQAAAAAE ] [info] [33mref: #Reference<0.3932589576.2020343810.6703>[0m
2019-08-28 UTC 19:06:50.036 [request_id=Fb8rqxrRyODFBQAAAAAE ] [info] [35mhackney: status: 404 "<!DOCTYPE html>\n<html lang=\"en\">\n<head>\n  <meta charset=\"utf-8\" />\n  <title>Action Controller: Exception caught</title>\n  <style>\n    body {\n      background-color: #FAFAFA;\n      color: #333;\n      margin: 0px;\n    }\n\n    body, p, ol, ul, td {\n      font-family: helvetica, verdana, arial, sans-serif;\n      font-size:   13px;\n      line-height: 18px;\n    }\n\n    pre {\n      font-size: 11px;\n      white-space: pre-wrap;\n    }\n\n    pre.box {\n      border: 1px solid #EEE;\n      padding: 10px;\n      margin: 0px;\n      width: 958px;\n    }\n\n    header {\n      color: #F0F0F0;\n      background: #C52F24;\n      padding: 0.5em 1.5em;\n    }\n\n    h1 {\n      margin: 0.2em 0;\n      line-height: 1.1em;\n      font-size: 2em;\n    }\n\n    h2 {\n      color: #C52F24;\n      line-height: 25px;\n    }\n\n    .details {\n      border: 1px solid #D0D0D0;\n      border-radius: 4px;\n      margin: 1em 0px;\n      display: block;\n      width: 978px;\n    }\n\n    .summary {\n      padding: 8px 15px;\n      border-bottom: 1px solid #D0D0D0;\n      display: block;\n    }\n\n    .details pre {\n      margin: 5px;\n      border: none;\n    }\n\n    #container {\n      box-sizing: border-box;\n      width: 100%;\n      padding: 0 1.5em;\n    }\n\n    .source * {\n      margin: 0px;\n      padding: 0px;\n    }\n\n    .source {\n      border: 1px solid #D9D9D9;\n      background: #ECECEC;\n      width: 978px;\n    }\n\n    .source pre {\n      padding: 10px 0px;\n      border: none;\n    }\n\n    .source .data {\n      font-size: 80%;\n      overflow: auto;\n      background-color: #FFF;\n    }\n\n    .info {\n      padding: 0.5em;\n    }\n\n    .source .data .line_numbers {\n      background-color: #ECECEC;\n      color: #AAA;\n      padding: 1em .5em;\n      border-right: 1px solid #DDD;\n      text-align: right;\n    }\n\n    .line {\n      padding-left: 10px;\n      white-space: pre;\n    }\n\n    .line:hover {\n      background-color: #F6F6F6;\n    }\n\n    .line.active {\n      background-color: #FFCCCC;\n    }\n\n    .hidden {\n      display: none;\n    }\n\n    a { color: #980905; }\n    a:visited { color: #666; }\n    a.trace-frames { color: #666; }\n    a:hover { color: #C52F24; }\n    a.trace-frames.selected { color: #C52F24 }\n\n      #route_table {\n    margin: 0;\n    border-collapse: collapse;\n  }\n\n  #route_table thead tr {\n    border-bottom: 2px solid #ddd;\n  }\n\n  #route_table thead tr.bottom {\n    border-bottom: none;\n  }\n\n  #route_table thead tr.bottom th {\n    padding: 10px 0;\n    line-height: 15px;\n  }\n\n  #route_table thead tr.bottom th input#search {\n    -webkit-appearance: textfield;\n  }\n\n  #route_table tbody tr {\n    border-bottom: 1px solid #ddd;\n  }\n\n  #route_table tbody tr:nth-child(odd) {\n    background: #f2f2f2;\n  }\n\n  #route_table tbody.exact_matches,\n  #route_table tbody.fuzzy_matches {\n    background-color: LightGoldenRodYellow;\n    border-bottom: solid 2px SlateGrey;\n  }\n\n  #route_table tbody.exact_matches tr,\n  #route_table tbody.fuzzy_matches tr {\n    background: none;\n    border-bottom: none;\n  }\n\n  #route_table td {\n    padding: 4px 30px;\n  }\n\n  #path_search {\n    width: 80%;\n    font-size: inherit;\n  }\n\n  </style>\n\n  <script>\n    var toggle = function(id) {\n      var s = document.getElementById(id).style;\n      s.display = s.display == 'none' ? 'block' : 'none';\n      return false;\n    }\n    var show = function(id) {\n      document.getElementById(id).style.display = 'block';\n    }\n    var hide = function(id) {\n      document.getElementById(id).style.display = 'none';\n    }\n    var toggleTrace = function() {\n      return toggle('blame_trace');\n    }\n    var toggleSessionDump = function() {\n      return toggle('session_dump');\n    }\n    var toggleEnvDump = function() {\n      return toggle('env_dump');\n    }\n  </script>\n</head>\n<body>\n\n<header>\n  <h1>Routing Error</h1>\n</header>\n<div id=\"container\">\n  <h2>No route matches [POST] &quot;/api/v1/add_sub&quot;</h2>\n\n  \n<p><code>Rails.root: /Users/brandonleetruter/tenbew/tenbew_doi_api</code></p>\n\n<div id=\"traces\">\n    <a href=\"#\" onclick=\"hide(&#39;Framework-Trace&#39;);hide(&#39;Full-Trace&#39;);show(&#39;Application-Trace&#39;);; return false;\">Application Trac" <> ...[0m
2019-08-28 UTC 19:06:50.048 [request_id=Fb8rqxrRyODFBQAAAAAE ] [info] [31mhackney rescue %Poison.SyntaxError{message: "Unexpected token: <", token: "<"}[0m
2019-08-28 UTC 19:06:50.048 [request_id=Fb8rqxrRyODFBQAAAAAE ] [info] [31mDOI Error (403): "undefined error"[0m
2019-08-28 UTC 19:06:50.048 [request_id=Fb8rqxrRyODFBQAAAAAE ] [info] [32mcellc_add/2 :: response: "undefined error"[0m
2019-08-28 UTC 19:06:50.050 [request_id=Fb8rqxrRyODFBQAAAAAE ] [info] Sent 200 in 815ms
2019-08-28 UTC 19:06:50.054 [] [info] [31m%{arity: 2, error: "%Poison.SyntaxError{message: \"Unexpected token: <\", token: \"<\"}", file: "lib/poison/parser.ex", function: "parse!", line: 56, module: "Elixir.Poison.Parser"}[0m
2019-08-28 UTC 19:08:36.342 [] [info] POST /cellc/add
2019-08-28 UTC 19:08:36.342 [request_id=Fb8rxArDzvjfov8AAAAk ] [info] [33mvalue empty from read_body[0m
2019-08-28 UTC 19:08:36.342 [request_id=Fb8rxArDzvjfov8AAAAk ] [info] [33mcellc_add/2 :: params: %{"msisdn" => "27100240122"}[0m
2019-08-28 UTC 19:08:36.342 [request_id=Fb8rxArDzvjfov8AAAAk ] [info] [34mURL "http://localhost:3000/api/v1/add_sub" BODY "{\"msisdn\":\"27100240122\"}"[0m
2019-08-28 UTC 19:08:36.897 [request_id=Fb8rxArDzvjfov8AAAAk ] [info] [33mref: #Reference<0.3932589576.2020343812.3138>[0m
2019-08-28 UTC 19:08:36.897 [request_id=Fb8rxArDzvjfov8AAAAk ] [info] [33mheaders at loop: [{"Content-Type", "text/html; charset=UTF-8"}, {"X-Request-Id", "284d0246-a85f-4758-81ec-a753ce3bda2b"}, {"X-Runtime", "0.308799"}, {"Content-Length", "23144"}][0m
2019-08-28 UTC 19:08:36.897 [request_id=Fb8rxArDzvjfov8AAAAk ] [info] [33mref: #Reference<0.3932589576.2020343812.3138>[0m
2019-08-28 UTC 19:08:36.897 [request_id=Fb8rxArDzvjfov8AAAAk ] [info] [33mref: #Reference<0.3932589576.2020343812.3138>[0m
2019-08-28 UTC 19:08:36.899 [request_id=Fb8rxArDzvjfov8AAAAk ] [info] [35mhackney: status: 404 "<!DOCTYPE html>\n<html lang=\"en\">\n<head>\n  <meta charset=\"utf-8\" />\n  <title>Action Controller: Exception caught</title>\n  <style>\n    body {\n      background-color: #FAFAFA;\n      color: #333;\n      margin: 0px;\n    }\n\n    body, p, ol, ul, td {\n      font-family: helvetica, verdana, arial, sans-serif;\n      font-size:   13px;\n      line-height: 18px;\n    }\n\n    pre {\n      font-size: 11px;\n      white-space: pre-wrap;\n    }\n\n    pre.box {\n      border: 1px solid #EEE;\n      padding: 10px;\n      margin: 0px;\n      width: 958px;\n    }\n\n    header {\n      color: #F0F0F0;\n      background: #C52F24;\n      padding: 0.5em 1.5em;\n    }\n\n    h1 {\n      margin: 0.2em 0;\n      line-height: 1.1em;\n      font-size: 2em;\n    }\n\n    h2 {\n      color: #C52F24;\n      line-height: 25px;\n    }\n\n    .details {\n      border: 1px solid #D0D0D0;\n      border-radius: 4px;\n      margin: 1em 0px;\n      display: block;\n      width: 978px;\n    }\n\n    .summary {\n      padding: 8px 15px;\n      border-bottom: 1px solid #D0D0D0;\n      display: block;\n    }\n\n    .details pre {\n      margin: 5px;\n      border: none;\n    }\n\n    #container {\n      box-sizing: border-box;\n      width: 100%;\n      padding: 0 1.5em;\n    }\n\n    .source * {\n      margin: 0px;\n      padding: 0px;\n    }\n\n    .source {\n      border: 1px solid #D9D9D9;\n      background: #ECECEC;\n      width: 978px;\n    }\n\n    .source pre {\n      padding: 10px 0px;\n      border: none;\n    }\n\n    .source .data {\n      font-size: 80%;\n      overflow: auto;\n      background-color: #FFF;\n    }\n\n    .info {\n      padding: 0.5em;\n    }\n\n    .source .data .line_numbers {\n      background-color: #ECECEC;\n      color: #AAA;\n      padding: 1em .5em;\n      border-right: 1px solid #DDD;\n      text-align: right;\n    }\n\n    .line {\n      padding-left: 10px;\n      white-space: pre;\n    }\n\n    .line:hover {\n      background-color: #F6F6F6;\n    }\n\n    .line.active {\n      background-color: #FFCCCC;\n    }\n\n    .hidden {\n      display: none;\n    }\n\n    a { color: #980905; }\n    a:visited { color: #666; }\n    a.trace-frames { color: #666; }\n    a:hover { color: #C52F24; }\n    a.trace-frames.selected { color: #C52F24 }\n\n      #route_table {\n    margin: 0;\n    border-collapse: collapse;\n  }\n\n  #route_table thead tr {\n    border-bottom: 2px solid #ddd;\n  }\n\n  #route_table thead tr.bottom {\n    border-bottom: none;\n  }\n\n  #route_table thead tr.bottom th {\n    padding: 10px 0;\n    line-height: 15px;\n  }\n\n  #route_table thead tr.bottom th input#search {\n    -webkit-appearance: textfield;\n  }\n\n  #route_table tbody tr {\n    border-bottom: 1px solid #ddd;\n  }\n\n  #route_table tbody tr:nth-child(odd) {\n    background: #f2f2f2;\n  }\n\n  #route_table tbody.exact_matches,\n  #route_table tbody.fuzzy_matches {\n    background-color: LightGoldenRodYellow;\n    border-bottom: solid 2px SlateGrey;\n  }\n\n  #route_table tbody.exact_matches tr,\n  #route_table tbody.fuzzy_matches tr {\n    background: none;\n    border-bottom: none;\n  }\n\n  #route_table td {\n    padding: 4px 30px;\n  }\n\n  #path_search {\n    width: 80%;\n    font-size: inherit;\n  }\n\n  </style>\n\n  <script>\n    var toggle = function(id) {\n      var s = document.getElementById(id).style;\n      s.display = s.display == 'none' ? 'block' : 'none';\n      return false;\n    }\n    var show = function(id) {\n      document.getElementById(id).style.display = 'block';\n    }\n    var hide = function(id) {\n      document.getElementById(id).style.display = 'none';\n    }\n    var toggleTrace = function() {\n      return toggle('blame_trace');\n    }\n    var toggleSessionDump = function() {\n      return toggle('session_dump');\n    }\n    var toggleEnvDump = function() {\n      return toggle('env_dump');\n    }\n  </script>\n</head>\n<body>\n\n<header>\n  <h1>Routing Error</h1>\n</header>\n<div id=\"container\">\n  <h2>No route matches [POST] &quot;/api/v1/add_sub&quot;</h2>\n\n  \n<p><code>Rails.root: /Users/brandonleetruter/tenbew/tenbew_doi_api</code></p>\n\n<div id=\"traces\">\n    <a href=\"#\" onclick=\"hide(&#39;Framework-Trace&#39;);hide(&#39;Full-Trace&#39;);show(&#39;Application-Trace&#39;);; return false;\">Application Trac" <> ...[0m
2019-08-28 UTC 19:08:36.899 [request_id=Fb8rxArDzvjfov8AAAAk ] [info] [31mhackney rescue %Poison.SyntaxError{message: "Unexpected token: <", token: "<"}[0m
2019-08-28 UTC 19:08:36.899 [request_id=Fb8rxArDzvjfov8AAAAk ] [info] [31mDOI Error (403): "undefined error"[0m
2019-08-28 UTC 19:08:36.899 [request_id=Fb8rxArDzvjfov8AAAAk ] [info] [32mcellc_add/2 :: response: "undefined error"[0m
2019-08-28 UTC 19:08:36.899 [request_id=Fb8rxArDzvjfov8AAAAk ] [info] Sent 200 in 557ms
2019-08-28 UTC 19:08:36.900 [] [info] [31m%{arity: 2, error: "%Poison.SyntaxError{message: \"Unexpected token: <\", token: \"<\"}", file: "lib/poison/parser.ex", function: "parse!", line: 56, module: "Elixir.Poison.Parser"}[0m
2019-08-28 UTC 19:09:05.260 [] [info] POST /cellc/charge
2019-08-28 UTC 19:09:05.260 [request_id=Fb8rysZqhgDlB3sAAABE ] [info] [33mvalue empty from read_body[0m
2019-08-28 UTC 19:09:05.260 [request_id=Fb8rysZqhgDlB3sAAABE ] [info] [33mcellc_charge/2 :: params: %{"msisdn" => "27100240122"}[0m
2019-08-28 UTC 19:09:05.260 [request_id=Fb8rysZqhgDlB3sAAABE ] [info] [34mURL "http://localhost:3000/api/v1/charge_sub" BODY %{"msisdn" => "27100240122"}[0m
2019-08-28 UTC 19:09:05.548 [request_id=Fb8rysZqhgDlB3sAAABE ] [info] [33mref: #Reference<0.3932589576.2020343812.3168>[0m
2019-08-28 UTC 19:09:05.548 [request_id=Fb8rysZqhgDlB3sAAABE ] [info] [33mheaders at loop: [{"Content-Type", "text/html; charset=UTF-8"}, {"X-Request-Id", "7e00b741-5bbb-4a1e-bb8c-ffb4833536f1"}, {"X-Runtime", "0.284330"}, {"Content-Length", "23147"}][0m
2019-08-28 UTC 19:09:05.548 [request_id=Fb8rysZqhgDlB3sAAABE ] [info] [33mref: #Reference<0.3932589576.2020343812.3168>[0m
2019-08-28 UTC 19:09:05.548 [request_id=Fb8rysZqhgDlB3sAAABE ] [info] [33mref: #Reference<0.3932589576.2020343812.3168>[0m
2019-08-28 UTC 19:09:05.550 [request_id=Fb8rysZqhgDlB3sAAABE ] [info] [35mhackney: status: 404 "<!DOCTYPE html>\n<html lang=\"en\">\n<head>\n  <meta charset=\"utf-8\" />\n  <title>Action Controller: Exception caught</title>\n  <style>\n    body {\n      background-color: #FAFAFA;\n      color: #333;\n      margin: 0px;\n    }\n\n    body, p, ol, ul, td {\n      font-family: helvetica, verdana, arial, sans-serif;\n      font-size:   13px;\n      line-height: 18px;\n    }\n\n    pre {\n      font-size: 11px;\n      white-space: pre-wrap;\n    }\n\n    pre.box {\n      border: 1px solid #EEE;\n      padding: 10px;\n      margin: 0px;\n      width: 958px;\n    }\n\n    header {\n      color: #F0F0F0;\n      background: #C52F24;\n      padding: 0.5em 1.5em;\n    }\n\n    h1 {\n      margin: 0.2em 0;\n      line-height: 1.1em;\n      font-size: 2em;\n    }\n\n    h2 {\n      color: #C52F24;\n      line-height: 25px;\n    }\n\n    .details {\n      border: 1px solid #D0D0D0;\n      border-radius: 4px;\n      margin: 1em 0px;\n      display: block;\n      width: 978px;\n    }\n\n    .summary {\n      padding: 8px 15px;\n      border-bottom: 1px solid #D0D0D0;\n      display: block;\n    }\n\n    .details pre {\n      margin: 5px;\n      border: none;\n    }\n\n    #container {\n      box-sizing: border-box;\n      width: 100%;\n      padding: 0 1.5em;\n    }\n\n    .source * {\n      margin: 0px;\n      padding: 0px;\n    }\n\n    .source {\n      border: 1px solid #D9D9D9;\n      background: #ECECEC;\n      width: 978px;\n    }\n\n    .source pre {\n      padding: 10px 0px;\n      border: none;\n    }\n\n    .source .data {\n      font-size: 80%;\n      overflow: auto;\n      background-color: #FFF;\n    }\n\n    .info {\n      padding: 0.5em;\n    }\n\n    .source .data .line_numbers {\n      background-color: #ECECEC;\n      color: #AAA;\n      padding: 1em .5em;\n      border-right: 1px solid #DDD;\n      text-align: right;\n    }\n\n    .line {\n      padding-left: 10px;\n      white-space: pre;\n    }\n\n    .line:hover {\n      background-color: #F6F6F6;\n    }\n\n    .line.active {\n      background-color: #FFCCCC;\n    }\n\n    .hidden {\n      display: none;\n    }\n\n    a { color: #980905; }\n    a:visited { color: #666; }\n    a.trace-frames { color: #666; }\n    a:hover { color: #C52F24; }\n    a.trace-frames.selected { color: #C52F24 }\n\n      #route_table {\n    margin: 0;\n    border-collapse: collapse;\n  }\n\n  #route_table thead tr {\n    border-bottom: 2px solid #ddd;\n  }\n\n  #route_table thead tr.bottom {\n    border-bottom: none;\n  }\n\n  #route_table thead tr.bottom th {\n    padding: 10px 0;\n    line-height: 15px;\n  }\n\n  #route_table thead tr.bottom th input#search {\n    -webkit-appearance: textfield;\n  }\n\n  #route_table tbody tr {\n    border-bottom: 1px solid #ddd;\n  }\n\n  #route_table tbody tr:nth-child(odd) {\n    background: #f2f2f2;\n  }\n\n  #route_table tbody.exact_matches,\n  #route_table tbody.fuzzy_matches {\n    background-color: LightGoldenRodYellow;\n    border-bottom: solid 2px SlateGrey;\n  }\n\n  #route_table tbody.exact_matches tr,\n  #route_table tbody.fuzzy_matches tr {\n    background: none;\n    border-bottom: none;\n  }\n\n  #route_table td {\n    padding: 4px 30px;\n  }\n\n  #path_search {\n    width: 80%;\n    font-size: inherit;\n  }\n\n  </style>\n\n  <script>\n    var toggle = function(id) {\n      var s = document.getElementById(id).style;\n      s.display = s.display == 'none' ? 'block' : 'none';\n      return false;\n    }\n    var show = function(id) {\n      document.getElementById(id).style.display = 'block';\n    }\n    var hide = function(id) {\n      document.getElementById(id).style.display = 'none';\n    }\n    var toggleTrace = function() {\n      return toggle('blame_trace');\n    }\n    var toggleSessionDump = function() {\n      return toggle('session_dump');\n    }\n    var toggleEnvDump = function() {\n      return toggle('env_dump');\n    }\n  </script>\n</head>\n<body>\n\n<header>\n  <h1>Routing Error</h1>\n</header>\n<div id=\"container\">\n  <h2>No route matches [POST] &quot;/api/v1/charge_sub&quot;</h2>\n\n  \n<p><code>Rails.root: /Users/brandonleetruter/tenbew/tenbew_doi_api</code></p>\n\n<div id=\"traces\">\n    <a href=\"#\" onclick=\"hide(&#39;Framework-Trace&#39;);hide(&#39;Full-Trace&#39;);show(&#39;Application-Trace&#39;);; return false;\">Application T" <> ...[0m
2019-08-28 UTC 19:09:05.550 [request_id=Fb8rysZqhgDlB3sAAABE ] [info] [31mhackney rescue %Poison.SyntaxError{message: "Unexpected token: <", token: "<"}[0m
2019-08-28 UTC 19:09:05.550 [request_id=Fb8rysZqhgDlB3sAAABE ] [info] [32mcellc_charge/2 :: response: "error"[0m
2019-08-28 UTC 19:09:05.550 [request_id=Fb8rysZqhgDlB3sAAABE ] [info] Sent 200 in 290ms
2019-08-28 UTC 19:09:05.550 [] [info] [31m%{arity: 2, error: "%Poison.SyntaxError{message: \"Unexpected token: <\", token: \"<\"}", file: "lib/poison/parser.ex", function: "parse!", line: 56, module: "Elixir.Poison.Parser"}[0m
2019-08-28 UTC 19:09:53.598 [] [info] POST /cellc/add
2019-08-28 UTC 19:09:53.599 [request_id=Fb8r1gebxjhdZJwAAABk ] [info] [33mvalue empty from read_body[0m
2019-08-28 UTC 19:09:53.599 [request_id=Fb8r1gebxjhdZJwAAABk ] [info] [33mcellc_add/2 :: params: %{"msisdn" => "27100240122"}[0m
2019-08-28 UTC 19:09:53.600 [request_id=Fb8r1gebxjhdZJwAAABk ] [info] [34mURL "http://localhost:3000/api/v1/add_sub" BODY "{\"msisdn\":\"27100240122\"}"[0m
2019-08-28 UTC 19:09:54.162 [request_id=Fb8r1gebxjhdZJwAAABk ] [info] [33mref: #Reference<0.3932589576.2020343812.3198>[0m
2019-08-28 UTC 19:09:54.163 [request_id=Fb8r1gebxjhdZJwAAABk ] [info] [33mheaders at loop: [{"Content-Type", "application/json; charset=utf-8"}, {"ETag", "W/\"d52c40ee747bfacd155ef6cd3eeedc7c\""}, {"Cache-Control", "max-age=0, private, must-revalidate"}, {"X-Request-Id", "499c9f42-7cc5-42ec-8032-d62580a88622"}, {"X-Runtime", "0.293252"}, {"Transfer-Encoding", "chunked"}][0m
2019-08-28 UTC 19:09:54.163 [request_id=Fb8r1gebxjhdZJwAAABk ] [info] [33mref: #Reference<0.3932589576.2020343812.3198>[0m
2019-08-28 UTC 19:09:54.163 [request_id=Fb8r1gebxjhdZJwAAABk ] [info] [33mref: #Reference<0.3932589576.2020343812.3198>[0m
2019-08-28 UTC 19:09:54.171 [request_id=Fb8r1gebxjhdZJwAAABk ] [info] [35mhackney: status: 200 "{\"subscriber\":{\"mn\":\"CellC_ZA\",\"serviceID\":\"00\",\"waspTID\":\"QQChina\",\"msisdn\":\"0873248237\"}}"[0m
2019-08-28 UTC 19:09:54.171 [request_id=Fb8r1gebxjhdZJwAAABk ] [info] [32mcellc_add/2 :: response: %{"subscriber" => %{"mn" => "CellC_ZA", "msisdn" => "0873248237", "serviceID" => "00", "waspTID" => "QQChina"}}[0m
2019-08-28 UTC 19:09:54.171 [request_id=Fb8r1gebxjhdZJwAAABk ] [info] Sent 200 in 572ms
2019-08-28 UTC 19:10:26.388 [] [info] POST /cellc/charge
2019-08-28 UTC 19:10:26.388 [request_id=Fb8r3aoJl0DAhjcAAACE ] [info] [33mvalue empty from read_body[0m
2019-08-28 UTC 19:10:26.388 [request_id=Fb8r3aoJl0DAhjcAAACE ] [info] [33mcellc_charge/2 :: params: %{"msisdn" => "27100240122"}[0m
2019-08-28 UTC 19:10:26.389 [request_id=Fb8r3aoJl0DAhjcAAACE ] [info] [34mURL "http://localhost:3000/api/v1/charge_sub" BODY %{"msisdn" => "27100240122"}[0m
2019-08-28 UTC 19:10:26.394 [request_id=Fb8r3aoJl0DAhjcAAACE ] [info] [33mref: #Reference<0.3932589576.2020343812.3232>[0m
2019-08-28 UTC 19:10:26.394 [request_id=Fb8r3aoJl0DAhjcAAACE ] [info] [33mheaders at loop: [{"Content-Type", "application/json; charset=utf-8"}, {"ETag", "W/\"d52c40ee747bfacd155ef6cd3eeedc7c\""}, {"Cache-Control", "max-age=0, private, must-revalidate"}, {"X-Request-Id", "497c0212-b97d-473c-841d-e90a91f03859"}, {"X-Runtime", "0.002776"}, {"Transfer-Encoding", "chunked"}][0m
2019-08-28 UTC 19:10:26.394 [request_id=Fb8r3aoJl0DAhjcAAACE ] [info] [33mref: #Reference<0.3932589576.2020343812.3232>[0m
2019-08-28 UTC 19:10:26.394 [request_id=Fb8r3aoJl0DAhjcAAACE ] [info] [33mref: #Reference<0.3932589576.2020343812.3232>[0m
2019-08-28 UTC 19:10:26.395 [request_id=Fb8r3aoJl0DAhjcAAACE ] [info] [35mhackney: status: 200 "{\"subscriber\":{\"mn\":\"CellC_ZA\",\"serviceID\":\"00\",\"waspTID\":\"QQChina\",\"msisdn\":\"0873248237\"}}"[0m
2019-08-28 UTC 19:10:26.395 [request_id=Fb8r3aoJl0DAhjcAAACE ] [info] [32mcellc_charge/2 :: response: %{"subscriber" => %{"mn" => "CellC_ZA", "msisdn" => "0873248237", "serviceID" => "00", "waspTID" => "QQChina"}}[0m
2019-08-28 UTC 19:10:26.395 [request_id=Fb8r3aoJl0DAhjcAAACE ] [info] Sent 200 in 6ms
2019-08-28 UTC 19:10:34.305 [] [info] POST /cellc/cancel
2019-08-28 UTC 19:10:34.305 [request_id=Fb8r34HuhcDjKlcAAAYC ] [info] [33mvalue empty from read_body[0m
2019-08-28 UTC 19:10:34.306 [request_id=Fb8r34HuhcDjKlcAAAYC ] [info] [33mcellc_cancel/2 :: params: %{"msisdn" => "27100240122"}[0m
2019-08-28 UTC 19:10:34.629 [request_id=Fb8r34HuhcDjKlcAAAYC ] [info] [31mcellc_cancel/2 exception: %MatchError{term: {:error, {:invalid, "<"}}}[0m
2019-08-28 UTC 19:10:34.697 [] [error] #PID<0.410.0> running TenbewGw.Endpoint (connection #PID<0.409.0>, stream id 1) terminated
Server: localhost:4000 (http)
Request: POST /cellc/cancel
** (exit) an exception was raised:
    ** (RuntimeError) expected dispatch/2 to return a Plug.Conn, all plugs must receive a connection (conn) and return a connection, got: "cellc_cancel/2 exception: %MatchError{term: {:error, {:invalid, \"<\"}}}"
        (tenbew_gw) lib/tenbew_gw/endoint.ex:16: TenbewGw.Endpoint.plug_builder_call/2
        (tenbew_gw) lib/plug/debugger.ex:122: TenbewGw.Endpoint."call (overridable 3)"/2
        (tenbew_gw) lib/plug/error_handler.ex:64: TenbewGw.Endpoint.call/2
        (plug_cowboy) lib/plug/cowboy/handler.ex:12: Plug.Cowboy.Handler.init/2
        (cowboy) /Users/brandonleetruter/tenbew/tenbew_gw/deps/cowboy/src/cowboy_handler.erl:41: :cowboy_handler.execute/2
        (cowboy) /Users/brandonleetruter/tenbew/tenbew_gw/deps/cowboy/src/cowboy_stream_h.erl:296: :cowboy_stream_h.execute/3
        (cowboy) /Users/brandonleetruter/tenbew/tenbew_gw/deps/cowboy/src/cowboy_stream_h.erl:274: :cowboy_stream_h.request_process/3
        (stdlib) proc_lib.erl:247: :proc_lib.init_p_do_apply/3
2019-08-29 UTC 14:53:44.520 [] [info] Starting server at http://localhost:4000/
2019-08-29 UTC 14:53:48.837 [] [info] POST /cellc/add
2019-08-29 UTC 14:53:48.895 [request_id=Fb9scTYZVv_FBQAAAAMD ] [info] [33mvalue empty from read_body[0m
2019-08-29 UTC 14:53:48.935 [request_id=Fb9scTYZVv_FBQAAAAMD ] [info] [33mcellc_add/2 :: params: %{"msisdn" => "27100240122"}[0m
2019-08-29 UTC 14:53:48.957 [request_id=Fb9scTYZVv_FBQAAAAMD ] [info] [34mURL "http://localhost:3000/api/v1/add_sub" BODY "{\"msisdn\":\"27100240122\"}"[0m
2019-08-29 UTC 14:53:50.184 [request_id=Fb9scTYZVv_FBQAAAAMD ] [info] [33mref: #Reference<0.709395144.3009413123.243224>[0m
2019-08-29 UTC 14:53:50.188 [request_id=Fb9scTYZVv_FBQAAAAMD ] [info] [33mheaders at loop: [{"Content-Type", "text/html; charset=UTF-8"}, {"X-Request-Id", "d15588bf-0034-4ecb-8247-ace5969264ba"}, {"X-Runtime", "0.631854"}, {"Content-Length", "70074"}][0m
2019-08-29 UTC 14:53:50.188 [request_id=Fb9scTYZVv_FBQAAAAMD ] [info] [33mref: #Reference<0.709395144.3009413123.243224>[0m
2019-08-29 UTC 14:53:50.189 [request_id=Fb9scTYZVv_FBQAAAAMD ] [info] [33mref: #Reference<0.709395144.3009413123.243224>[0m
2019-08-29 UTC 14:53:50.191 [request_id=Fb9scTYZVv_FBQAAAAMD ] [info] [35mhackney: status: 500 "<!DOCTYPE html>\n<html lang=\"en\">\n<head>\n  <meta charset=\"utf-8\" />\n  <title>Action Controller: Exception caught</title>\n  <style>\n    body {\n      background-color: #FAFAFA;\n      color: #333;\n      margin: 0px;\n    }\n\n    body, p, ol, ul, td {\n      font-family: helvetica, verdana, arial, sans-serif;\n      font-size:   13px;\n      line-height: 18px;\n    }\n\n    pre {\n      font-size: 11px;\n      white-space: pre-wrap;\n    }\n\n    pre.box {\n      border: 1px solid #EEE;\n      padding: 10px;\n      margin: 0px;\n      width: 958px;\n    }\n\n    header {\n      color: #F0F0F0;\n      background: #C52F24;\n      padding: 0.5em 1.5em;\n    }\n\n    h1 {\n      margin: 0.2em 0;\n      line-height: 1.1em;\n      font-size: 2em;\n    }\n\n    h2 {\n      color: #C52F24;\n      line-height: 25px;\n    }\n\n    .details {\n      border: 1px solid #D0D0D0;\n      border-radius: 4px;\n      margin: 1em 0px;\n      display: block;\n      width: 978px;\n    }\n\n    .summary {\n      padding: 8px 15px;\n      border-bottom: 1px solid #D0D0D0;\n      display: block;\n    }\n\n    .details pre {\n      margin: 5px;\n      border: none;\n    }\n\n    #container {\n      box-sizing: border-box;\n      width: 100%;\n      padding: 0 1.5em;\n    }\n\n    .source * {\n      margin: 0px;\n      padding: 0px;\n    }\n\n    .source {\n      border: 1px solid #D9D9D9;\n      background: #ECECEC;\n      width: 978px;\n    }\n\n    .source pre {\n      padding: 10px 0px;\n      border: none;\n    }\n\n    .source .data {\n      font-size: 80%;\n      overflow: auto;\n      background-color: #FFF;\n    }\n\n    .info {\n      padding: 0.5em;\n    }\n\n    .source .data .line_numbers {\n      background-color: #ECECEC;\n      color: #AAA;\n      padding: 1em .5em;\n      border-right: 1px solid #DDD;\n      text-align: right;\n    }\n\n    .line {\n      padding-left: 10px;\n      white-space: pre;\n    }\n\n    .line:hover {\n      background-color: #F6F6F6;\n    }\n\n    .line.active {\n      background-color: #FFCCCC;\n    }\n\n    .hidden {\n      display: none;\n    }\n\n    a { color: #980905; }\n    a:visited { color: #666; }\n    a.trace-frames { color: #666; }\n    a:hover { color: #C52F24; }\n    a.trace-frames.selected { color: #C52F24 }\n\n    \n  </style>\n\n  <script>\n    var toggle = function(id) {\n      var s = document.getElementById(id).style;\n      s.display = s.display == 'none' ? 'block' : 'none';\n      return false;\n    }\n    var show = function(id) {\n      document.getElementById(id).style.display = 'block';\n    }\n    var hide = function(id) {\n      document.getElementById(id).style.display = 'none';\n    }\n    var toggleTrace = function() {\n      return toggle('blame_trace');\n    }\n    var toggleSessionDump = function() {\n      return toggle('session_dump');\n    }\n    var toggleEnvDump = function() {\n      return toggle('env_dump');\n    }\n  </script>\n</head>\n<body>\n\n<header>\n  <h1>\n    ArgumentError\n      in Api::V1::SubscriptionsController#add_sub\n  </h1>\n</header>\n\n<div id=\"container\">\n  <h2>wrong number of arguments (given 0, expected 1)</h2>\n\n      <div class=\"source \" id=\"frame-source-0\">\n      <div class=\"info\">\n        Extracted source (around line <strong>#179</strong>):\n      </div>\n      <div class=\"data\">\n        <table cellpadding=\"0\" cellspacing=\"0\" class=\"lines\">\n          <tr>\n            <td>\n              <pre class=\"line_numbers\">\n<span>177</span>\n<span>178</span>\n<span>179</span>\n<span>180</span>\n<span>181</span>\n<span>182</span>\n              </pre>\n            </td>\n<td width=\"100%\">\n<pre>\n<div class=\"line\">    end\n</div><div class=\"line\">\n</div><div class=\"line active\">    def generate_nonce(ts)\n</div><div class=\"line\">      Digest::SHA1.hexdigest random_string + generate_timestamp()\n</div><div class=\"line\">    end\n</div><div class=\"line\">\n</div>\n</pre>\n</td>\n          </tr>\n        </table>\n      </div>\n    </div>\n    <div class=\"source hidden\" id=\"frame-source-1\">\n      <div class=\"info\">\n        Extracted source (around line <strong>#162</strong>):\n      </div>\n      <div class=\"data\">\n        <table cellpadding=\"0\" cellspacing=\"0\" class=\"lines\">\n          <tr>\n            <td>\n              <pre class=\"lin" <> ...[0m
2019-08-29 UTC 14:53:50.213 [request_id=Fb9scTYZVv_FBQAAAAMD ] [info] [31mhackney rescue %Poison.SyntaxError{message: "Unexpected token: <", token: "<"}[0m
2019-08-29 UTC 14:53:50.213 [request_id=Fb9scTYZVv_FBQAAAAMD ] [info] [31mDOI Error (403): "undefined error"[0m
2019-08-29 UTC 14:53:50.213 [request_id=Fb9scTYZVv_FBQAAAAMD ] [info] [32mcellc_add/2 :: response: "undefined error"[0m
2019-08-29 UTC 14:53:50.219 [request_id=Fb9scTYZVv_FBQAAAAMD ] [info] Sent 200 in 1381ms
2019-08-29 UTC 14:53:50.225 [] [info] [31m%{arity: 2, error: "%Poison.SyntaxError{message: \"Unexpected token: <\", token: \"<\"}", file: "lib/poison/parser.ex", function: "parse!", line: 56, module: "Elixir.Poison.Parser"}[0m
2019-08-29 UTC 14:55:08.201 [] [info] POST /cellc/add
2019-08-29 UTC 14:55:08.201 [request_id=Fb9sg7A92ruYQ1UAAAMj ] [info] [33mvalue empty from read_body[0m
2019-08-29 UTC 14:55:08.201 [request_id=Fb9sg7A92ruYQ1UAAAMj ] [info] [33mcellc_add/2 :: params: %{"msisdn" => "27100240122"}[0m
2019-08-29 UTC 14:55:08.201 [request_id=Fb9sg7A92ruYQ1UAAAMj ] [info] [34mURL "http://localhost:3000/api/v1/add_sub" BODY "{\"msisdn\":\"27100240122\"}"[0m
2019-08-29 UTC 14:55:38.204 [request_id=Fb9sg7A92ruYQ1UAAAMj ] [info] [33mrequest timeout[0m
2019-08-29 UTC 14:55:43.206 [request_id=Fb9sg7A92ruYQ1UAAAMj ] [info] [31mDOI Error (403): "request timeout"[0m
2019-08-29 UTC 14:55:43.206 [request_id=Fb9sg7A92ruYQ1UAAAMj ] [info] [32mcellc_add/2 :: response: "request timeout"[0m
2019-08-29 UTC 14:55:43.206 [request_id=Fb9sg7A92ruYQ1UAAAMj ] [info] Sent 200 in 35004ms
2019-08-29 UTC 14:55:46.698 [] [info] POST /cellc/charge
2019-08-29 UTC 14:55:46.698 [request_id=Fb9sjKbX--hELGIAAAND ] [info] [33mvalue empty from read_body[0m
2019-08-29 UTC 14:55:46.698 [request_id=Fb9sjKbX--hELGIAAAND ] [info] [33mcellc_charge/2 :: params: %{"msisdn" => "27100240122"}[0m
2019-08-29 UTC 14:55:46.698 [request_id=Fb9sjKbX--hELGIAAAND ] [info] [34mURL "http://localhost:3000/api/v1/charge_sub" BODY %{"msisdn" => "27100240122"}[0m
2019-08-29 UTC 14:56:06.703 [request_id=Fb9sjKbX--hELGIAAAND ] [info] [33mrequest timeout[0m
2019-08-29 UTC 14:56:11.704 [request_id=Fb9sjKbX--hELGIAAAND ] [info] [32mcellc_charge/2 :: response: "error"[0m
2019-08-29 UTC 14:56:11.704 [request_id=Fb9sjKbX--hELGIAAAND ] [info] Sent 200 in 25005ms
2019-08-29 UTC 14:58:38.976 [] [info] POST /cellc/cancel
2019-08-29 UTC 14:58:38.977 [request_id=Fb9stMNvV-KxgKQAAANj ] [info] [33mvalue empty from read_body[0m
2019-08-29 UTC 14:58:38.977 [request_id=Fb9stMNvV-KxgKQAAANj ] [info] [33mcellc_cancel/2 :: params: %{"msisdn" => "27100240122"}[0m
2019-08-29 UTC 14:58:43.992 [request_id=Fb9stMNvV-KxgKQAAANj ] [info] [31mcellc_cancel/2 exception: %MatchError{term: {:error, :timeout}}[0m
